2021-01-19 15:59:47,758 INFO MainThread [File "projwin.py", line 1398, in create] process has been created 

2021-01-19 15:59:47,758 INFO MainThread [File "projwin.py", line 1418, in newClient] wait for process ready 

2021-01-19 15:59:47,758 INFO MainThread [File "projwin.py", line 1439, in newClient] to create client 

2021-01-19 15:59:47,920 INFO MainThread [File "device.py", line 742, in setup] setup device id:['2XT0218B14005448'] 

2021-01-19 15:59:48,500 INFO MainThread [File "projwin.py", line 1445, in newClient] new client ok 

2021-01-19 15:59:47,712 Level 97 MainThread [File "run_probe.py", line 376, in main] -----begin----- 

2021-01-19 15:59:48,895 INFO MainThread [File "utils.py", line 550, in checkRunningEnv] begin to check running environment... 

2021-01-19 15:59:48,951 INFO MainThread [File "utils.py", line 562, in checkRunningEnv] =========android device info:{"id": "2XT0218B14005448", "osversion": "9", "resolution": "(2340, 1080)", "brand": "HONOR", "model": "TNY-AL00", "name": "TNY-AL00", "platform": "ANDROID"}============= 

2021-01-19 15:59:49,182 INFO MainThread [File "utils.py", line 596, in checkRunningEnv] wm size:Physical size: 1080x2340 

2021-01-19 15:59:49,182 INFO MainThread [File "utils.py", line 165, in setWeTestIme] set wetest ime 

2021-01-19 15:59:49,717 INFO PermissionWindowHandler [File "utils.py", line 463, in run] start permission window handler thread 

2021-01-19 15:59:49,717 INFO PermissionWindowHandler [File "utils.py", line 466, in run] white list apps:['com.tencent.mobileqq', 'com.tencent.mm', 'com.tencent.tmgp.sgame'] 

2021-01-19 15:59:49,717 INFO MainThread [File "utils.py", line 666, in startApp] ========start app:com.tencent.tmgp.sgame/com.tencent.tmgp.sgame.SGameActivity=========== 

2021-01-19 15:59:49,791 INFO MainThread [File "utils.py", line 124, in getCurrentApp] current app:com.tencent.tmgp.sgame 

2021-01-19 15:59:49,791 INFO MainThread [File "utils.py", line 678, in startApp] App has been started! 

2021-01-19 15:59:49,795 INFO MainThread [File "projwin.py", line 1398, in create] process has been created 

2021-01-19 15:59:49,795 INFO MainThread [File "projwin.py", line 1418, in newClient] wait for process ready 

2021-01-19 15:59:49,795 INFO MainThread [File "projwin.py", line 1439, in newClient] to create client 

2021-01-19 15:59:49,795 INFO MainThread [File "projwin.py", line 1445, in newClient] new client ok 

2021-01-19 15:59:49,814 INFO MainThread [File "projwin.py", line 1398, in create] process has been created 

2021-01-19 15:59:49,814 INFO MainThread [File "projwin.py", line 1418, in newClient] wait for process ready 

2021-01-19 15:59:49,814 INFO MainThread [File "projwin.py", line 1439, in newClient] to create client 

2021-01-19 15:59:49,814 INFO MainThread [File "projwin.py", line 1445, in newClient] new client ok 

2021-01-19 15:59:51,860 INFO MainThread [File "opencv.py", line 184, in searchImage] webmatcher request, queryImgFileName:C:\Users\bo.liu\Documents\scene_20210118wzry.uitrace\pic\obj_100005.jpg,  result: {"method": "template", "rect": [170, 18, 628, 233], "time": 0.029286623001098633, "scale_ratio": 1.0, "parameters": {"index": -1, "locator": "obj_100005.jpg", "by": "CV", "xOffset": 0, "yOffset": 0, "timeOut": 20, "raiseException": 0, "LongClickTime": 1, "text": "", "key": "", "repeat": 1, "scaleMatch": true, "zoomOutDelta": 0.2, "zoomInDelta": 0.2, "badTryCount": 2, "experienceSimilarity": 0.65, "lessGoodSimilarity2": 0.6, "untrustSimilarity": 0.3, "zoom": 0, "histTrustSimilarity": 0.1, "histUntrustSimilarity": 10.0}, "miscellaneous": {}} 

2021-01-19 16:00:10,152 INFO MainThread [File "opencv.py", line 184, in searchImage] webmatcher request, queryImgFileName:C:\Users\bo.liu\Documents\scene_20210118wzry.uitrace\pic\obj_100005.jpg,  result: {"method": "template", "rect": [159, 18, 617, 233], "time": 0.025798320770263672, "scale_ratio": 1.0, "parameters": {"index": -1, "locator": "obj_100005.jpg", "by": "CV", "xOffset": 0, "yOffset": 0, "timeOut": 20, "raiseException": 0, "LongClickTime": 1, "text": "", "key": "", "repeat": 1, "scaleMatch": true, "zoomOutDelta": 0.2, "zoomInDelta": 0.2, "badTryCount": 2, "experienceSimilarity": 0.65, "lessGoodSimilarity2": 0.6, "untrustSimilarity": 0.3, "zoom": 0, "histTrustSimilarity": 0.1, "histUntrustSimilarity": 10.0}, "miscellaneous": {}} 

2021-01-19 16:00:13,947 Level 100 MainThread [File "recorder.py", line 40, in traversing] 3_大厅 

2021-01-19 16:00:13,947 Level 95 MainThread [File "userapi.py", line 65, in dating] click("obj_1610961813461.jpg",position=(0.918, 0.303, 0.948, 0.381),position_lock=0,animation=0,is_word=0,is_transparent=0,is_highlight=0) 

2021-01-19 16:00:13,962 INFO MainThread [File "opencv.py", line 184, in searchImage] webmatcher request, queryImgFileName:C:\Users\bo.liu\Documents\scene_20210118wzry.uitrace\pic\obj_1610961813461.jpg,  result: {"method": "template", "rect": [734, 111, 758, 139], "time": 0.0, "scale_ratio": 1.0, "parameters": {"position": [0.918, 0.303, 0.948, 0.381], "position_lock": 0, "animation": 0, "is_word": 0, "is_transparent": 0, "is_highlight": 0, "scaleMatch": true, "zoomOutDelta": 0.2, "zoomInDelta": 0.2, "badTryCount": 2, "experienceSimilarity": 0.65, "lessGoodSimilarity2": 0.6, "untrustSimilarity": 0.3, "zoom": 0, "histTrustSimilarity": 0.1, "histUntrustSimilarity": 10.0}, "miscellaneous": {}} 

2021-01-19 16:00:13,978 INFO MainThread [File "opencv.py", line 184, in searchImage] webmatcher request, queryImgFileName:C:\Users\bo.liu\Documents\scene_20210118wzry.uitrace\pic\obj_1610961813461.jpg,  result: {"method": "template", "rect": [734, 111, 758, 139], "time": 0.0, "scale_ratio": 1.0, "parameters": {"position": [0.918, 0.303, 0.948, 0.381], "position_lock": 0, "animation": 0, "is_word": 0, "is_transparent": 0, "is_highlight": 0, "scaleMatch": true, "zoomOutDelta": 0.2, "zoomInDelta": 0.2, "badTryCount": 2, "experienceSimilarity": 0.65, "lessGoodSimilarity2": 0.6, "untrustSimilarity": 0.3, "zoom": 0, "histTrustSimilarity": 0.1, "histUntrustSimilarity": 10.0}, "miscellaneous": {}} 

2021-01-19 16:00:13,978 Level 96 MainThread [File "corelib.py", line 336, in click] click  (734, 111, 758, 139)

2021-01-19 16:00:14,072 INFO MainThread [File "userapi.py", line 66, in dating] 图片文字点击活动 

2021-01-19 16:00:14,073 Level 95 MainThread [File "userapi.py", line 74, in dating] sleep(6) 

2021-01-19 16:00:20,073 Level 95 MainThread [File "userapi.py", line 79, in dating] exists("obj_1611026423169.jpg",timeOut=20,by="CV") 

2021-01-19 16:00:40,493 Level 95 MainThread [File "userapi.py", line 80, in dating] slide((0.174, 0.679),(0.174, 0.482)) 

2021-01-19 16:00:40,811 Level 96 MainThread [File "corelib.py", line 563, in slide] slide  (139, 250),(139, 177)

2021-01-19 16:00:40,896 Level 95 MainThread [File "userapi.py", line 83, in dating] sleep(3) 

2021-01-19 16:00:43,897 Level 95 MainThread [File "userapi.py", line 87, in dating] click("obj_1611026423169.jpg",position=(0.137, 0.638, 0.202, 0.724),position_lock=0,animation=0,is_word=0,is_transparent=0,is_highlight=0) 

2021-01-19 16:01:21,211 INFO Thread-1 [File "projwin.py", line 1418, in newClient] wait for process ready 

2021-01-19 16:01:21,212 INFO Thread-1 [File "projwin.py", line 1439, in newClient] to create client 

2021-01-19 16:01:21,212 INFO Thread-1 [File "projwin.py", line 1445, in newClient] new client ok 

