2021-01-19 15:59:47,711 - Level 21 - run_probe.py main 375 - 开始执行
2021-01-19 15:59:49,717 - Level 21 - run_probe.py main 402 - 启动应用，等待18秒
2021-01-19 15:59:49,791 - INFO - run_probe.py main 412 - 启动应用完成
2021-01-19 15:59:49,792 - INFO - scenedetector.py init 90 - recognize use web 0
2021-01-19 15:59:49,792 - INFO - scenedetector.py init 91 - run mode local
2021-01-19 15:59:49,792 - INFO - scenedetector.py init 113 - deviceid2XT0218B14005448
2021-01-19 15:59:49,793 - INFO - scenedetector.py init 117 - is test server:0
2021-01-19 15:59:49,814 - INFO - debugger.py __init__ 46 - debugger created
2021-01-19 15:59:55,648 - INFO - proberunner.py run 140 - 执行超时时间为630秒
2021-01-19 15:59:55,648 - INFO - proberunner.py run 152 - 开始识别场景
2021-01-19 15:59:56,858 - INFO - scenedetector.py recognize_scene 316 - 获取信息耗时:1.2099971771240234
2021-01-19 15:59:56,858 - INFO - scenedetector.py recognize_scene 335 - use local
2021-01-19 15:59:56,862 - INFO - scenedetector.py _match_img_feature 743 - no pool
2021-01-19 16:00:03,096 - INFO - scenedetector.py recognize_scene 342 - 识别耗时:6.238363027572632
2021-01-19 16:00:09,342 - INFO - scenedetector.py recognize_scene 316 - 获取信息耗时:1.2454452514648438
2021-01-19 16:00:09,342 - INFO - scenedetector.py recognize_scene 335 - use local
2021-01-19 16:00:09,358 - INFO - scenedetector.py _match_img_feature 743 - no pool
2021-01-19 16:00:13,933 - INFO - scenedetector.py recognize_scene 342 - 识别耗时:4.590663909912109
2021-01-19 16:00:13,934 - INFO - scenedetector.py recognize_scene 380 - 场景：scene_100004, 识别场景耗时：18.286022901535034
2021-01-19 16:00:13,934 - INFO - proberunner.py _mark_traversing_scene 484 - [traverse] scene_100004
2021-01-19 16:00:13,934 - INFO - scenelogger.py recognized 82 - [recognized] 16_00_13_934168_scene_100004_3_大厅.jpg
2021-01-19 16:00:13,934 - INFO - scenelogger.py save_image 149 - save_imageC:\Users\bo.liu\Documents\scene_20210118wzry.uitrace\log\log_0119_155947_521165\16_00_13_934168_scene_100004_3_大厅.jpg
2021-01-19 16:00:13,947 - Level 21 - traverser.py run 285 - 首个场景识别为：3_大厅
2021-01-19 16:00:13,947 - Level 21 - traverser.py run 301 - -->当前场景:3_大厅
2021-01-19 16:00:13,947 - DEBUG - traverser.py run 302 - <Scene id:scene_100004,paths:['Path[available/retry/reuse:1/4/1 destScene:None locator:obj_100006.jpg]'],back:None>
2021-01-19 16:00:13,947 - Level 21 - traverser.py run 317 - 剩余必经场景数量为 2
2021-01-19 16:00:13,947 - INFO - traverser.py select_path 207 - 选择路径
2021-01-19 16:00:13,947 - Level 21 - traverser.py run 343 - 选择路径:Path[available/retry/reuse:1/4/1 destScene:None locator:obj_100006.jpg]
2021-01-19 16:00:13,947 - Level 21 - traverser.py run 346 - 预期场景:未知场景
2021-01-19 16:00:13,947 - INFO - proberunner.py _mark_operation 502 - [operation] obj_100006
2021-01-19 16:00:13,947 - INFO - actionhandler.py do_action 191 - OperationType.TYPE_SCRIPT obj_100006
2021-01-19 16:00:13,947 - INFO - actionhandler.py do_action 192 - {'similarity': 0.7, 'gray': 0, 'index': -1, 'locator': 'obj_100005.jpg', 'by': 'CV', 'xOffset': 0, 'yOffset': 0, 'timeOut': 20, 'raiseException': 0, 'LongClickTime': 1, 'text': '', 'key': '', 'repeat': 1}
