============================================================

{"id": "2XT0218B14005448", "osversion": "9", "resolution": "(2340, 1080)", "brand": "HONOR", "model": "TNY-AL00", "name": "TNY-AL00", "platform": "ANDROID"}

============================================================

click([746, 125])
click([746, 125])
click([746, 125])
click([746, 125])
click([134, 250])
click([134, 250])
click([134, 250])
click([134, 250])
click([535, 324])
click([535, 324])
click([535, 324])
click([535, 324])
click([476, 311])
click([476, 311])
click([476, 311])
click([476, 311])
click([235, 108])
click([235, 108])
click([235, 108])
click([235, 108])
click([537, 57])
click([537, 57])
click([537, 57])
click([537, 57])
click([638, 44])
click([638, 44])
click([638, 44])
click([638, 44])
click([621, 182])
click([621, 182])
click([621, 182])
click([621, 182])
click([564, 88])
click([564, 88])
click([564, 88])
click([564, 88])
click([447, 262])
click([447, 262])
click([447, 262])
click([447, 262])
click([537, 57])
click([537, 57])
click([537, 57])
click([537, 57])
click([647, 268])
click([647, 268])
click([647, 268])
click([647, 268])
click([445, 263])
click([445, 263])
click([445, 263])
click([445, 263])
click([537, 57])
click([537, 57])
click([537, 57])
click([537, 57])
click([647, 302])
click([647, 302])
click([647, 302])
