============================================================

{"id": "2XT0218B14005448", "osversion": "9", "resolution": "(2340, 1080)", "brand": "HONOR", "model": "TNY-AL00", "name": "TNY-AL00", "platform": "ANDROID"}

============================================================

click([746, 125])
click([746, 125])
click([746, 125])
click([746, 125])
click([746, 125])
slide((139, 250),(139, 177))
slide((139, 250),(139, 177))
slide((139, 250),(139, 177))
slide((139, 250),(139, 177))
click([134, 256])
click([134, 256])
click([134, 256])
click([134, 256])
click([535, 324])
click([535, 324])
click([535, 324])
click([535, 324])
click([476, 311])
click([476, 311])
click([476, 311])
