2021-01-19 15:57:39,799 INFO MainThread [File "projwin.py", line 1398, in create] process has been created 

2021-01-19 15:57:39,799 INFO MainThread [File "projwin.py", line 1418, in newClient] wait for process ready 

2021-01-19 15:57:39,800 INFO MainThread [File "projwin.py", line 1439, in newClient] to create client 

2021-01-19 15:57:39,962 INFO MainThread [File "device.py", line 742, in setup] setup device id:['2XT0218B14005448'] 

2021-01-19 15:57:40,527 INFO MainThread [File "projwin.py", line 1445, in newClient] new client ok 

2021-01-19 15:57:39,734 Level 97 MainThread [File "run_probe.py", line 376, in main] -----begin----- 

2021-01-19 15:57:40,949 INFO MainThread [File "utils.py", line 550, in checkRunningEnv] begin to check running environment... 

2021-01-19 15:57:40,987 INFO MainThread [File "utils.py", line 562, in checkRunningEnv] =========android device info:{"id": "2XT0218B14005448", "osversion": "9", "resolution": "(2340, 1080)", "brand": "HONOR", "model": "TNY-AL00", "name": "TNY-AL00", "platform": "ANDROID"}============= 

2021-01-19 15:57:41,175 INFO MainThread [File "utils.py", line 596, in checkRunningEnv] wm size:Physical size: 1080x2340 

2021-01-19 15:57:41,175 INFO MainThread [File "utils.py", line 165, in setWeTestIme] set wetest ime 

2021-01-19 15:57:41,757 INFO PermissionWindowHandler [File "utils.py", line 463, in run] start permission window handler thread 

2021-01-19 15:57:41,757 INFO PermissionWindowHandler [File "utils.py", line 466, in run] white list apps:['com.tencent.mobileqq', 'com.tencent.mm', 'com.tencent.tmgp.sgame'] 

2021-01-19 15:57:41,757 INFO MainThread [File "utils.py", line 666, in startApp] ========start app:com.tencent.tmgp.sgame/com.tencent.tmgp.sgame.SGameActivity=========== 

2021-01-19 15:57:41,830 INFO MainThread [File "utils.py", line 124, in getCurrentApp] current app:com.tencent.tmgp.sgame 

2021-01-19 15:57:41,830 INFO MainThread [File "utils.py", line 678, in startApp] App has been started! 

2021-01-19 15:57:41,834 INFO MainThread [File "projwin.py", line 1398, in create] process has been created 

2021-01-19 15:57:41,834 INFO MainThread [File "projwin.py", line 1418, in newClient] wait for process ready 

2021-01-19 15:57:41,834 INFO MainThread [File "projwin.py", line 1439, in newClient] to create client 

2021-01-19 15:57:41,834 INFO MainThread [File "projwin.py", line 1445, in newClient] new client ok 

2021-01-19 15:57:41,853 INFO MainThread [File "projwin.py", line 1398, in create] process has been created 

2021-01-19 15:57:41,854 INFO MainThread [File "projwin.py", line 1418, in newClient] wait for process ready 

2021-01-19 15:57:41,854 INFO MainThread [File "projwin.py", line 1439, in newClient] to create client 

2021-01-19 15:57:41,854 INFO MainThread [File "projwin.py", line 1445, in newClient] new client ok 

2021-01-19 15:57:43,782 INFO MainThread [File "opencv.py", line 184, in searchImage] webmatcher request, queryImgFileName:C:\Users\bo.liu\Documents\scene_20210118wzry.uitrace\pic\obj_100005.jpg,  result: {"method": "template", "rect": [169, 21, 627, 236], "time": 0.023905277252197266, "scale_ratio": 1.0, "parameters": {"index": -1, "locator": "obj_100005.jpg", "by": "CV", "xOffset": 0, "yOffset": 0, "timeOut": 20, "raiseException": 0, "LongClickTime": 1, "text": "", "key": "", "repeat": 1, "scaleMatch": true, "zoomOutDelta": 0.2, "zoomInDelta": 0.2, "badTryCount": 2, "experienceSimilarity": 0.65, "lessGoodSimilarity2": 0.6, "untrustSimilarity": 0.3, "zoom": 0, "histTrustSimilarity": 0.1, "histUntrustSimilarity": 10.0}, "miscellaneous": {}} 

2021-01-19 15:57:50,159 INFO MainThread [File "opencv.py", line 184, in searchImage] webmatcher request, queryImgFileName:C:\Users\bo.liu\Documents\scene_20210118wzry.uitrace\pic\obj_100005.jpg,  result: {"method": "template", "rect": [160, 20, 613, 232], "time": 0.06401586532592773, "scale_ratio": 0.99, "parameters": {"index": -1, "locator": "obj_100005.jpg", "by": "CV", "xOffset": 0, "yOffset": 0, "timeOut": 20, "raiseException": 0, "LongClickTime": 1, "text": "", "key": "", "repeat": 1, "scaleMatch": true, "zoomOutDelta": 0.2, "zoomInDelta": 0.2, "badTryCount": 2, "experienceSimilarity": 0.65, "lessGoodSimilarity2": 0.6, "untrustSimilarity": 0.3, "zoom": 0, "histTrustSimilarity": 0.1, "histUntrustSimilarity": 10.0}, "miscellaneous": {}} 

2021-01-19 15:57:54,456 Level 100 MainThread [File "recorder.py", line 40, in traversing] 3_大厅 

2021-01-19 15:57:54,456 Level 95 MainThread [File "userapi.py", line 65, in dating] click("obj_1610961813461.jpg",position=(0.918, 0.303, 0.948, 0.381),position_lock=0,animation=0,is_word=0,is_transparent=0,is_highlight=0) 

2021-01-19 15:57:54,491 INFO MainThread [File "opencv.py", line 184, in searchImage] webmatcher request, queryImgFileName:C:\Users\bo.liu\Documents\scene_20210118wzry.uitrace\pic\obj_1610961813461.jpg,  result: {"method": "template", "rect": [734, 111, 758, 139], "time": 0.002154111862182617, "scale_ratio": 1.0, "parameters": {"position": [0.918, 0.303, 0.948, 0.381], "position_lock": 0, "animation": 0, "is_word": 0, "is_transparent": 0, "is_highlight": 0, "scaleMatch": true, "zoomOutDelta": 0.2, "zoomInDelta": 0.2, "badTryCount": 2, "experienceSimilarity": 0.65, "lessGoodSimilarity2": 0.6, "untrustSimilarity": 0.3, "zoom": 0, "histTrustSimilarity": 0.1, "histUntrustSimilarity": 10.0}, "miscellaneous": {}} 

2021-01-19 15:57:55,516 INFO MainThread [File "opencv.py", line 184, in searchImage] webmatcher request, queryImgFileName:C:\Users\bo.liu\Documents\scene_20210118wzry.uitrace\pic\obj_1610961813461.jpg,  result: {"method": "template", "rect": [734, 111, 758, 139], "time": 0.0019676685333251953, "scale_ratio": 1.0, "parameters": {"position": [0.918, 0.303, 0.948, 0.381], "position_lock": 0, "animation": 0, "is_word": 0, "is_transparent": 0, "is_highlight": 0, "scaleMatch": true, "zoomOutDelta": 0.2, "zoomInDelta": 0.2, "badTryCount": 2, "experienceSimilarity": 0.65, "lessGoodSimilarity2": 0.6, "untrustSimilarity": 0.3, "zoom": 0, "histTrustSimilarity": 0.1, "histUntrustSimilarity": 10.0}, "miscellaneous": {}} 

2021-01-19 15:57:55,516 Level 96 MainThread [File "corelib.py", line 336, in click] click  (734, 111, 758, 139)

2021-01-19 15:57:55,591 INFO MainThread [File "userapi.py", line 66, in dating] 图片文字点击活动 

2021-01-19 15:57:55,592 Level 95 MainThread [File "userapi.py", line 74, in dating] sleep(6) 

2021-01-19 15:58:01,593 Level 95 MainThread [File "userapi.py", line 79, in dating] exists("obj_1611026423169.jpg",timeOut=20,by="CV") 

2021-01-19 15:58:23,226 Level 95 MainThread [File "userapi.py", line 80, in dating] slide((0.174, 0.679),(0.174, 0.482)) 

2021-01-19 15:58:23,229 Level 96 MainThread [File "corelib.py", line 563, in slide] slide  (139, 250),(139, 177)

2021-01-19 15:58:23,302 Level 95 MainThread [File "userapi.py", line 83, in dating] sleep(3) 

2021-01-19 15:58:26,303 Level 95 MainThread [File "userapi.py", line 87, in dating] click("obj_1611026423169.jpg",position=(0.137, 0.638, 0.202, 0.724),position_lock=0,animation=0,is_word=0,is_transparent=0,is_highlight=0) 

2021-01-19 15:58:26,321 INFO MainThread [File "opencv.py", line 184, in searchImage] webmatcher request, queryImgFileName:C:\Users\bo.liu\Documents\scene_20210118wzry.uitrace\pic\obj_1611026423169.jpg,  result: {"method": "template", "rect": [109, 241, 160, 272], "time": 0.002000093460083008, "scale_ratio": 1.0, "parameters": {"position": [0.137, 0.638, 0.202, 0.724], "position_lock": 0, "animation": 0, "is_word": 0, "is_transparent": 0, "is_highlight": 0, "scaleMatch": true, "zoomOutDelta": 0.2, "zoomInDelta": 0.2, "badTryCount": 2, "experienceSimilarity": 0.65, "lessGoodSimilarity2": 0.6, "untrustSimilarity": 0.3, "zoom": 0, "histTrustSimilarity": 0.1, "histUntrustSimilarity": 10.0}, "miscellaneous": {}} 

2021-01-19 15:58:26,870 INFO MainThread [File "opencv.py", line 184, in searchImage] webmatcher request, queryImgFileName:C:\Users\bo.liu\Documents\scene_20210118wzry.uitrace\pic\obj_1611026423169.jpg,  result: {"method": "template", "rect": [109, 241, 160, 272], "time": 0.002967357635498047, "scale_ratio": 1.0, "parameters": {"position": [0.137, 0.638, 0.202, 0.724], "position_lock": 0, "animation": 0, "is_word": 0, "is_transparent": 0, "is_highlight": 0, "scaleMatch": true, "zoomOutDelta": 0.2, "zoomInDelta": 0.2, "badTryCount": 2, "experienceSimilarity": 0.65, "lessGoodSimilarity2": 0.6, "untrustSimilarity": 0.3, "zoom": 0, "histTrustSimilarity": 0.1, "histUntrustSimilarity": 10.0}, "miscellaneous": {}} 

2021-01-19 15:58:26,870 Level 96 MainThread [File "corelib.py", line 336, in click] click  (109, 241, 160, 272)

2021-01-19 15:58:26,945 Level 95 MainThread [File "userapi.py", line 95, in dating] sleep(4) 

2021-01-19 15:58:30,945 Level 95 MainThread [File "userapi.py", line 99, in dating] click("obj_1611026902237.jpg",position=(0.629, 0.851, 0.711, 0.907),position_lock=0,animation=0,is_word=0,is_transparent=0,is_highlight=0) 

2021-01-19 15:58:30,947 INFO MainThread [File "opencv.py", line 184, in searchImage] webmatcher request, queryImgFileName:C:\Users\bo.liu\Documents\scene_20210118wzry.uitrace\pic\obj_1611026902237.jpg,  result: {"method": "template", "rect": [503, 314, 568, 334], "time": 0.0, "scale_ratio": 1.0, "parameters": {"position": [0.629, 0.851, 0.711, 0.907], "position_lock": 0, "animation": 0, "is_word": 0, "is_transparent": 0, "is_highlight": 0, "scaleMatch": true, "zoomOutDelta": 0.2, "zoomInDelta": 0.2, "badTryCount": 2, "experienceSimilarity": 0.65, "lessGoodSimilarity2": 0.6, "untrustSimilarity": 0.3, "zoom": 0, "histTrustSimilarity": 0.1, "histUntrustSimilarity": 10.0}, "miscellaneous": {}} 

2021-01-19 15:58:30,977 INFO MainThread [File "opencv.py", line 184, in searchImage] webmatcher request, queryImgFileName:C:\Users\bo.liu\Documents\scene_20210118wzry.uitrace\pic\obj_1611026902237.jpg,  result: {"method": "template", "rect": [503, 314, 568, 334], "time": 0.0019669532775878906, "scale_ratio": 1.0, "parameters": {"position": [0.629, 0.851, 0.711, 0.907], "position_lock": 0, "animation": 0, "is_word": 0, "is_transparent": 0, "is_highlight": 0, "scaleMatch": true, "zoomOutDelta": 0.2, "zoomInDelta": 0.2, "badTryCount": 2, "experienceSimilarity": 0.65, "lessGoodSimilarity2": 0.6, "untrustSimilarity": 0.3, "zoom": 0, "histTrustSimilarity": 0.1, "histUntrustSimilarity": 10.0}, "miscellaneous": {}} 

2021-01-19 15:58:30,977 Level 96 MainThread [File "corelib.py", line 336, in click] click  (503, 314, 568, 334)

2021-01-19 15:58:31,066 Level 95 MainThread [File "userapi.py", line 102, in dating] sleep(4) 

2021-01-19 15:58:35,069 Level 95 MainThread [File "userapi.py", line 106, in dating] click("obj_1611026943988.jpg",position=(0.535, 0.811, 0.657, 0.879),position_lock=0,animation=0,is_word=0,is_transparent=0,is_highlight=0) 

2021-01-19 15:58:35,084 INFO MainThread [File "opencv.py", line 184, in searchImage] webmatcher request, queryImgFileName:C:\Users\bo.liu\Documents\scene_20210118wzry.uitrace\pic\obj_1611026943988.jpg,  result: {"method": "template", "rect": [428, 299, 525, 324], "time": 0.0, "scale_ratio": 1.0, "parameters": {"position": [0.535, 0.811, 0.657, 0.879], "position_lock": 0, "animation": 0, "is_word": 0, "is_transparent": 0, "is_highlight": 0, "scaleMatch": true, "zoomOutDelta": 0.2, "zoomInDelta": 0.2, "badTryCount": 2, "experienceSimilarity": 0.65, "lessGoodSimilarity2": 0.6, "untrustSimilarity": 0.3, "zoom": 0, "histTrustSimilarity": 0.1, "histUntrustSimilarity": 10.0}, "miscellaneous": {}} 

2021-01-19 15:58:35,110 INFO MainThread [File "opencv.py", line 184, in searchImage] webmatcher request, queryImgFileName:C:\Users\bo.liu\Documents\scene_20210118wzry.uitrace\pic\obj_1611026943988.jpg,  result: {"method": "template", "rect": [428, 299, 525, 324], "time": 0.002982616424560547, "scale_ratio": 1.0, "parameters": {"position": [0.535, 0.811, 0.657, 0.879], "position_lock": 0, "animation": 0, "is_word": 0, "is_transparent": 0, "is_highlight": 0, "scaleMatch": true, "zoomOutDelta": 0.2, "zoomInDelta": 0.2, "badTryCount": 2, "experienceSimilarity": 0.65, "lessGoodSimilarity2": 0.6, "untrustSimilarity": 0.3, "zoom": 0, "histTrustSimilarity": 0.1, "histUntrustSimilarity": 10.0}, "miscellaneous": {}} 

2021-01-19 15:58:35,111 Level 96 MainThread [File "corelib.py", line 336, in click] click  (428, 299, 525, 324)

2021-01-19 15:58:35,199 Level 95 MainThread [File "userapi.py", line 109, in dating] sleep(8) 

2021-01-19 15:58:38,327 INFO Thread-1 [File "projwin.py", line 1418, in newClient] wait for process ready 

2021-01-19 15:58:38,327 INFO Thread-1 [File "projwin.py", line 1439, in newClient] to create client 

2021-01-19 15:58:38,328 INFO Thread-1 [File "projwin.py", line 1445, in newClient] new client ok 

