2021-01-19 16:09:59,325 INFO MainThread [File "projwin.py", line 1398, in create] process has been created 

2021-01-19 16:09:59,325 INFO MainThread [File "projwin.py", line 1418, in newClient] wait for process ready 

2021-01-19 16:09:59,325 INFO MainThread [File "projwin.py", line 1439, in newClient] to create client 

2021-01-19 16:09:59,440 INFO MainThread [File "device.py", line 742, in setup] setup device id:['2XT0218B14005448'] 

2021-01-19 16:09:59,986 INFO MainThread [File "projwin.py", line 1445, in newClient] new client ok 

2021-01-19 16:09:59,273 Level 97 MainThread [File "run_probe.py", line 376, in main] -----begin----- 

2021-01-19 16:10:00,355 INFO MainThread [File "utils.py", line 550, in checkRunningEnv] begin to check running environment... 

2021-01-19 16:10:00,410 INFO MainThread [File "utils.py", line 562, in checkRunningEnv] =========android device info:{"id": "2XT0218B14005448", "osversion": "9", "resolution": "(2340, 1080)", "brand": "HONOR", "model": "TNY-AL00", "name": "TNY-AL00", "platform": "ANDROID"}============= 

2021-01-19 16:10:00,626 INFO MainThread [File "utils.py", line 596, in checkRunningEnv] wm size:Physical size: 1080x2340 

2021-01-19 16:10:00,626 INFO MainThread [File "utils.py", line 165, in setWeTestIme] set wetest ime 

2021-01-19 16:10:01,092 INFO PermissionWindowHandler [File "utils.py", line 463, in run] start permission window handler thread 

2021-01-19 16:10:01,094 INFO PermissionWindowHandler [File "utils.py", line 466, in run] white list apps:['com.tencent.mobileqq', 'com.tencent.mm', 'com.tencent.tmgp.sgame'] 

2021-01-19 16:10:01,094 INFO MainThread [File "utils.py", line 666, in startApp] ========start app:com.tencent.tmgp.sgame/com.tencent.tmgp.sgame.SGameActivity=========== 

2021-01-19 16:10:01,152 INFO MainThread [File "utils.py", line 124, in getCurrentApp] current app:com.tencent.tmgp.sgame 

2021-01-19 16:10:01,152 INFO MainThread [File "utils.py", line 678, in startApp] App has been started! 

2021-01-19 16:10:01,154 INFO MainThread [File "projwin.py", line 1398, in create] process has been created 

2021-01-19 16:10:01,154 INFO MainThread [File "projwin.py", line 1418, in newClient] wait for process ready 

2021-01-19 16:10:01,155 INFO MainThread [File "projwin.py", line 1439, in newClient] to create client 

2021-01-19 16:10:01,155 INFO MainThread [File "projwin.py", line 1445, in newClient] new client ok 

2021-01-19 16:10:01,186 INFO MainThread [File "projwin.py", line 1398, in create] process has been created 

2021-01-19 16:10:01,186 INFO MainThread [File "projwin.py", line 1418, in newClient] wait for process ready 

2021-01-19 16:10:01,186 INFO MainThread [File "projwin.py", line 1439, in newClient] to create client 

2021-01-19 16:10:01,186 INFO MainThread [File "projwin.py", line 1445, in newClient] new client ok 

2021-01-19 16:10:03,529 INFO MainThread [File "opencv.py", line 184, in searchImage] webmatcher request, queryImgFileName:C:\Users\bo.liu\Documents\scene_20210118wzry.uitrace\pic\obj_100005.jpg,  result: {"method": "template", "rect": [169, 19, 627, 234], "time": 0.039216041564941406, "scale_ratio": 1.0, "parameters": {"index": -1, "locator": "obj_100005.jpg", "by": "CV", "xOffset": 0, "yOffset": 0, "timeOut": 20, "raiseException": 0, "LongClickTime": 1, "text": "", "key": "", "repeat": 1, "scaleMatch": true, "zoomOutDelta": 0.2, "zoomInDelta": 0.2, "badTryCount": 2, "experienceSimilarity": 0.65, "lessGoodSimilarity2": 0.6, "untrustSimilarity": 0.3, "zoom": 0, "histTrustSimilarity": 0.1, "histUntrustSimilarity": 10.0}, "miscellaneous": {}} 

2021-01-19 16:10:09,632 INFO MainThread [File "opencv.py", line 184, in searchImage] webmatcher request, queryImgFileName:C:\Users\bo.liu\Documents\scene_20210118wzry.uitrace\pic\obj_100005.jpg,  result: {"method": "template", "rect": [167, 19, 625, 234], "time": 0.017122745513916016, "scale_ratio": 1.0, "parameters": {"index": -1, "locator": "obj_100005.jpg", "by": "CV", "xOffset": 0, "yOffset": 0, "timeOut": 20, "raiseException": 0, "LongClickTime": 1, "text": "", "key": "", "repeat": 1, "scaleMatch": true, "zoomOutDelta": 0.2, "zoomInDelta": 0.2, "badTryCount": 2, "experienceSimilarity": 0.65, "lessGoodSimilarity2": 0.6, "untrustSimilarity": 0.3, "zoom": 0, "histTrustSimilarity": 0.1, "histUntrustSimilarity": 10.0}, "miscellaneous": {}} 

2021-01-19 16:10:13,792 Level 100 MainThread [File "recorder.py", line 40, in traversing] 3_大厅 

2021-01-19 16:10:13,793 Level 95 MainThread [File "userapi.py", line 65, in dating] click("obj_1610961813461.jpg",position=(0.918, 0.303, 0.948, 0.381),position_lock=0,animation=0,is_word=0,is_transparent=0,is_highlight=0) 

2021-01-19 16:10:13,800 INFO MainThread [File "opencv.py", line 184, in searchImage] webmatcher request, queryImgFileName:C:\Users\bo.liu\Documents\scene_20210118wzry.uitrace\pic\obj_1610961813461.jpg,  result: {"method": "template", "rect": [734, 111, 758, 139], "time": 0.0, "scale_ratio": 1.0, "parameters": {"position": [0.918, 0.303, 0.948, 0.381], "position_lock": 0, "animation": 0, "is_word": 0, "is_transparent": 0, "is_highlight": 0, "scaleMatch": true, "zoomOutDelta": 0.2, "zoomInDelta": 0.2, "badTryCount": 2, "experienceSimilarity": 0.65, "lessGoodSimilarity2": 0.6, "untrustSimilarity": 0.3, "zoom": 0, "histTrustSimilarity": 0.1, "histUntrustSimilarity": 10.0}, "miscellaneous": {}} 

2021-01-19 16:10:14,846 INFO MainThread [File "opencv.py", line 184, in searchImage] webmatcher request, queryImgFileName:C:\Users\bo.liu\Documents\scene_20210118wzry.uitrace\pic\obj_1610961813461.jpg,  result: {"method": "template", "rect": [734, 111, 758, 139], "time": 0.001965045928955078, "scale_ratio": 1.0, "parameters": {"position": [0.918, 0.303, 0.948, 0.381], "position_lock": 0, "animation": 0, "is_word": 0, "is_transparent": 0, "is_highlight": 0, "scaleMatch": true, "zoomOutDelta": 0.2, "zoomInDelta": 0.2, "badTryCount": 2, "experienceSimilarity": 0.65, "lessGoodSimilarity2": 0.6, "untrustSimilarity": 0.3, "zoom": 0, "histTrustSimilarity": 0.1, "histUntrustSimilarity": 10.0}, "miscellaneous": {}} 

2021-01-19 16:10:14,846 Level 96 MainThread [File "corelib.py", line 336, in click] click  (734, 111, 758, 139)

2021-01-19 16:10:14,953 INFO MainThread [File "userapi.py", line 66, in dating] 图片文字点击活动 

2021-01-19 16:10:14,953 Level 95 MainThread [File "userapi.py", line 74, in dating] sleep(6) 

2021-01-19 16:10:20,954 Level 95 MainThread [File "userapi.py", line 77, in dating] exists("obj_1611026423169.jpg",timeOut=20,by="CV") 

2021-01-19 16:10:42,195 Level 95 MainThread [File "userapi.py", line 79, in dating] slide((0.17, 0.652),(0.176, 0.2)) 

2021-01-19 16:10:42,198 Level 96 MainThread [File "corelib.py", line 563, in slide] slide  (136, 240),(140, 73)

2021-01-19 16:10:42,281 Level 95 MainThread [File "userapi.py", line 82, in dating] sleep(3) 

2021-01-19 16:10:45,281 Level 95 MainThread [File "userapi.py", line 86, in dating] click("obj_1611026423169.jpg",position=(0.137, 0.638, 0.202, 0.724),position_lock=0,animation=0,is_word=0,is_transparent=0,is_highlight=0) 

2021-01-19 16:10:50,736 INFO Thread-1 [File "projwin.py", line 1418, in newClient] wait for process ready 

2021-01-19 16:10:50,737 INFO Thread-1 [File "projwin.py", line 1439, in newClient] to create client 

2021-01-19 16:10:50,737 INFO Thread-1 [File "projwin.py", line 1445, in newClient] new client ok 

