2021-01-19 16:11:53,104 INFO MainThread [File "projwin.py", line 1398, in create] process has been created 

2021-01-19 16:11:53,105 INFO MainThread [File "projwin.py", line 1418, in newClient] wait for process ready 

2021-01-19 16:11:53,105 INFO MainThread [File "projwin.py", line 1439, in newClient] to create client 

2021-01-19 16:11:53,245 INFO MainThread [File "device.py", line 742, in setup] setup device id:['2XT0218B14005448'] 

2021-01-19 16:11:53,892 INFO MainThread [File "projwin.py", line 1445, in newClient] new client ok 

2021-01-19 16:11:53,050 Level 97 MainThread [File "run_probe.py", line 376, in main] -----begin----- 

2021-01-19 16:11:54,275 INFO MainThread [File "utils.py", line 550, in checkRunningEnv] begin to check running environment... 

2021-01-19 16:11:54,324 INFO MainThread [File "utils.py", line 562, in checkRunningEnv] =========android device info:{"id": "2XT0218B14005448", "osversion": "9", "resolution": "(2340, 1080)", "brand": "HONOR", "model": "TNY-AL00", "name": "TNY-AL00", "platform": "ANDROID"}============= 

2021-01-19 16:11:54,562 INFO MainThread [File "utils.py", line 596, in checkRunningEnv] wm size:Physical size: 1080x2340 

2021-01-19 16:11:54,562 INFO MainThread [File "utils.py", line 165, in setWeTestIme] set wetest ime 

2021-01-19 16:11:55,136 INFO PermissionWindowHandler [File "utils.py", line 463, in run] start permission window handler thread 

2021-01-19 16:11:55,136 INFO PermissionWindowHandler [File "utils.py", line 466, in run] white list apps:['com.tencent.mobileqq', 'com.tencent.mm', 'com.tencent.tmgp.sgame'] 

2021-01-19 16:11:55,137 INFO MainThread [File "utils.py", line 666, in startApp] ========start app:com.tencent.tmgp.sgame/com.tencent.tmgp.sgame.SGameActivity=========== 

2021-01-19 16:11:55,203 INFO MainThread [File "utils.py", line 124, in getCurrentApp] current app:com.tencent.tmgp.sgame 

2021-01-19 16:11:55,203 INFO MainThread [File "utils.py", line 678, in startApp] App has been started! 

2021-01-19 16:11:55,206 INFO MainThread [File "projwin.py", line 1398, in create] process has been created 

2021-01-19 16:11:55,207 INFO MainThread [File "projwin.py", line 1418, in newClient] wait for process ready 

2021-01-19 16:11:55,207 INFO MainThread [File "projwin.py", line 1439, in newClient] to create client 

2021-01-19 16:11:55,207 INFO MainThread [File "projwin.py", line 1445, in newClient] new client ok 

2021-01-19 16:11:55,227 INFO MainThread [File "projwin.py", line 1398, in create] process has been created 

2021-01-19 16:11:55,227 INFO MainThread [File "projwin.py", line 1418, in newClient] wait for process ready 

2021-01-19 16:11:55,227 INFO MainThread [File "projwin.py", line 1439, in newClient] to create client 

2021-01-19 16:11:55,227 INFO MainThread [File "projwin.py", line 1445, in newClient] new client ok 

2021-01-19 16:11:57,459 INFO MainThread [File "opencv.py", line 184, in searchImage] webmatcher request, queryImgFileName:C:\Users\bo.liu\Documents\scene_20210118wzry.uitrace\pic\obj_100005.jpg,  result: {"method": "template", "rect": [169, 22, 627, 237], "time": 0.029919147491455078, "scale_ratio": 1.0, "parameters": {"index": -1, "locator": "obj_100005.jpg", "by": "CV", "xOffset": 0, "yOffset": 0, "timeOut": 20, "raiseException": 0, "LongClickTime": 1, "text": "", "key": "", "repeat": 1, "scaleMatch": true, "zoomOutDelta": 0.2, "zoomInDelta": 0.2, "badTryCount": 2, "experienceSimilarity": 0.65, "lessGoodSimilarity2": 0.6, "untrustSimilarity": 0.3, "zoom": 0, "histTrustSimilarity": 0.1, "histUntrustSimilarity": 10.0}, "miscellaneous": {}} 

2021-01-19 16:12:03,545 INFO MainThread [File "opencv.py", line 184, in searchImage] webmatcher request, queryImgFileName:C:\Users\bo.liu\Documents\scene_20210118wzry.uitrace\pic\obj_100005.jpg,  result: {"method": "template", "rect": [169, 19, 627, 234], "time": 0.023092985153198242, "scale_ratio": 1.0, "parameters": {"index": -1, "locator": "obj_100005.jpg", "by": "CV", "xOffset": 0, "yOffset": 0, "timeOut": 20, "raiseException": 0, "LongClickTime": 1, "text": "", "key": "", "repeat": 1, "scaleMatch": true, "zoomOutDelta": 0.2, "zoomInDelta": 0.2, "badTryCount": 2, "experienceSimilarity": 0.65, "lessGoodSimilarity2": 0.6, "untrustSimilarity": 0.3, "zoom": 0, "histTrustSimilarity": 0.1, "histUntrustSimilarity": 10.0}, "miscellaneous": {}} 

2021-01-19 16:12:07,955 Level 100 MainThread [File "recorder.py", line 40, in traversing] 3_大厅 

2021-01-19 16:12:07,956 Level 95 MainThread [File "userapi.py", line 65, in dating] click("obj_1610961813461.jpg",position=(0.918, 0.303, 0.948, 0.381),position_lock=0,animation=0,is_word=0,is_transparent=0,is_highlight=0) 

2021-01-19 16:12:07,978 INFO MainThread [File "opencv.py", line 184, in searchImage] webmatcher request, queryImgFileName:C:\Users\bo.liu\Documents\scene_20210118wzry.uitrace\pic\obj_1610961813461.jpg,  result: {"method": "template", "rect": [734, 111, 758, 139], "time": 0.004572868347167969, "scale_ratio": 1.0, "parameters": {"position": [0.918, 0.303, 0.948, 0.381], "position_lock": 0, "animation": 0, "is_word": 0, "is_transparent": 0, "is_highlight": 0, "scaleMatch": true, "zoomOutDelta": 0.2, "zoomInDelta": 0.2, "badTryCount": 2, "experienceSimilarity": 0.65, "lessGoodSimilarity2": 0.6, "untrustSimilarity": 0.3, "zoom": 0, "histTrustSimilarity": 0.1, "histUntrustSimilarity": 10.0}, "miscellaneous": {}} 

2021-01-19 16:12:08,972 INFO MainThread [File "opencv.py", line 184, in searchImage] webmatcher request, queryImgFileName:C:\Users\bo.liu\Documents\scene_20210118wzry.uitrace\pic\obj_1610961813461.jpg,  result: {"method": "template", "rect": [734, 111, 758, 139], "time": 0.0019681453704833984, "scale_ratio": 1.0, "parameters": {"position": [0.918, 0.303, 0.948, 0.381], "position_lock": 0, "animation": 0, "is_word": 0, "is_transparent": 0, "is_highlight": 0, "scaleMatch": true, "zoomOutDelta": 0.2, "zoomInDelta": 0.2, "badTryCount": 2, "experienceSimilarity": 0.65, "lessGoodSimilarity2": 0.6, "untrustSimilarity": 0.3, "zoom": 0, "histTrustSimilarity": 0.1, "histUntrustSimilarity": 10.0}, "miscellaneous": {}} 

2021-01-19 16:12:08,972 Level 96 MainThread [File "corelib.py", line 336, in click] click  (734, 111, 758, 139)

2021-01-19 16:12:09,058 INFO MainThread [File "userapi.py", line 66, in dating] 图片文字点击活动 

2021-01-19 16:12:09,058 Level 95 MainThread [File "userapi.py", line 74, in dating] sleep(6) 

2021-01-19 16:12:15,059 Level 95 MainThread [File "userapi.py", line 77, in dating] exists("obj_1611026423169.jpg",timeOut=20,by="CV") 

2021-01-19 16:12:35,076 Level 95 MainThread [File "userapi.py", line 79, in dating] slide((0.188, 0.738),(0.192, 0.502)) 

2021-01-19 16:12:35,079 Level 96 MainThread [File "corelib.py", line 563, in slide] slide  (150, 272),(153, 185)

2021-01-19 16:12:35,172 Level 95 MainThread [File "userapi.py", line 82, in dating] sleep(3) 

2021-01-19 16:12:38,174 Level 95 MainThread [File "userapi.py", line 86, in dating] click("obj_1611026423169.jpg",position=(0.137, 0.638, 0.202, 0.724),position_lock=0,animation=0,is_word=0,is_transparent=0,is_highlight=0) 

2021-01-19 16:12:38,198 INFO MainThread [File "opencv.py", line 184, in searchImage] webmatcher request, queryImgFileName:C:\Users\bo.liu\Documents\scene_20210118wzry.uitrace\pic\obj_1611026423169.jpg,  result: {"method": "template", "rect": [109, 205, 160, 236], "time": 0.004019737243652344, "scale_ratio": 1.0, "parameters": {"position": [0.137, 0.638, 0.202, 0.724], "position_lock": 0, "animation": 0, "is_word": 0, "is_transparent": 0, "is_highlight": 0, "scaleMatch": true, "zoomOutDelta": 0.2, "zoomInDelta": 0.2, "badTryCount": 2, "experienceSimilarity": 0.65, "lessGoodSimilarity2": 0.6, "untrustSimilarity": 0.3, "zoom": 0, "histTrustSimilarity": 0.1, "histUntrustSimilarity": 10.0}, "miscellaneous": {}} 

2021-01-19 16:12:38,224 INFO MainThread [File "opencv.py", line 184, in searchImage] webmatcher request, queryImgFileName:C:\Users\bo.liu\Documents\scene_20210118wzry.uitrace\pic\obj_1611026423169.jpg,  result: {"method": "template", "rect": [109, 205, 160, 236], "time": 0.002991914749145508, "scale_ratio": 1.0, "parameters": {"position": [0.137, 0.638, 0.202, 0.724], "position_lock": 0, "animation": 0, "is_word": 0, "is_transparent": 0, "is_highlight": 0, "scaleMatch": true, "zoomOutDelta": 0.2, "zoomInDelta": 0.2, "badTryCount": 2, "experienceSimilarity": 0.65, "lessGoodSimilarity2": 0.6, "untrustSimilarity": 0.3, "zoom": 0, "histTrustSimilarity": 0.1, "histUntrustSimilarity": 10.0}, "miscellaneous": {}} 

2021-01-19 16:12:38,224 Level 96 MainThread [File "corelib.py", line 336, in click] click  (109, 205, 160, 236)

2021-01-19 16:12:38,276 Level 95 MainThread [File "userapi.py", line 94, in dating] sleep(4) 

2021-01-19 16:12:42,277 Level 95 MainThread [File "userapi.py", line 98, in dating] click("obj_1611026902237.jpg",position=(0.629, 0.851, 0.711, 0.907),position_lock=0,animation=0,is_word=0,is_transparent=0,is_highlight=0) 

2021-01-19 16:12:42,294 INFO MainThread [File "opencv.py", line 184, in searchImage] webmatcher request, queryImgFileName:C:\Users\bo.liu\Documents\scene_20210118wzry.uitrace\pic\obj_1611026902237.jpg,  result: {"method": "template", "rect": [503, 314, 568, 334], "time": 0.002992391586303711, "scale_ratio": 1.0, "parameters": {"position": [0.629, 0.851, 0.711, 0.907], "position_lock": 0, "animation": 0, "is_word": 0, "is_transparent": 0, "is_highlight": 0, "scaleMatch": true, "zoomOutDelta": 0.2, "zoomInDelta": 0.2, "badTryCount": 2, "experienceSimilarity": 0.65, "lessGoodSimilarity2": 0.6, "untrustSimilarity": 0.3, "zoom": 0, "histTrustSimilarity": 0.1, "histUntrustSimilarity": 10.0}, "miscellaneous": {}} 

2021-01-19 16:12:42,321 INFO MainThread [File "opencv.py", line 184, in searchImage] webmatcher request, queryImgFileName:C:\Users\bo.liu\Documents\scene_20210118wzry.uitrace\pic\obj_1611026902237.jpg,  result: {"method": "template", "rect": [503, 314, 568, 334], "time": 0.001995086669921875, "scale_ratio": 1.0, "parameters": {"position": [0.629, 0.851, 0.711, 0.907], "position_lock": 0, "animation": 0, "is_word": 0, "is_transparent": 0, "is_highlight": 0, "scaleMatch": true, "zoomOutDelta": 0.2, "zoomInDelta": 0.2, "badTryCount": 2, "experienceSimilarity": 0.65, "lessGoodSimilarity2": 0.6, "untrustSimilarity": 0.3, "zoom": 0, "histTrustSimilarity": 0.1, "histUntrustSimilarity": 10.0}, "miscellaneous": {}} 

2021-01-19 16:12:42,321 Level 96 MainThread [File "corelib.py", line 336, in click] click  (503, 314, 568, 334)

2021-01-19 16:12:42,397 Level 95 MainThread [File "userapi.py", line 101, in dating] sleep(4) 

2021-01-19 16:12:43,230 INFO Thread-1 [File "projwin.py", line 1418, in newClient] wait for process ready 

2021-01-19 16:12:43,230 INFO Thread-1 [File "projwin.py", line 1439, in newClient] to create client 

2021-01-19 16:12:43,230 INFO Thread-1 [File "projwin.py", line 1445, in newClient] new client ok 

